TN:
SF:src\App.tsx
FN:21,(anonymous_0)
FNF:1
FNH:1
FNDA:2,(anonymous_0)
DA:21,1
DA:22,2
LF:2
LH:2
BRF:0
BRH:0
end_of_record
TN:
SF:src\components\auth\ProtectedRoute.tsx
FN:7,(anonymous_0)
FNF:1
FNH:1
FNDA:4,(anonymous_0)
DA:7,2
DA:8,4
DA:10,4
DA:11,1
DA:18,3
DA:19,1
DA:22,2
LF:7
LH:7
BRDA:10,0,0,1
BRDA:10,0,1,3
BRDA:18,1,0,1
BRDA:18,1,1,2
BRF:4
BRH:4
end_of_record
TN:
SF:src\components\dashboard\CategoryBreakdown.tsx
FN:16,(anonymous_0)
FN:17,(anonymous_1)
FN:20,(anonymous_2)
FN:20,(anonymous_3)
FN:28,(anonymous_4)
FNF:5
FNH:5
FNDA:2,(anonymous_0)
FNDA:2,(anonymous_1)
FNDA:3,(anonymous_2)
FNDA:2,(anonymous_3)
FNDA:8,(anonymous_4)
DA:16,1
DA:17,2
DA:18,2
DA:19,2
DA:20,3
DA:21,2
DA:23,2
DA:26,2
DA:29,8
LF:9
LH:9
BRDA:21,0,0,2
BRDA:21,0,1,0
BRDA:21,1,0,2
BRDA:21,1,1,2
BRF:4
BRH:3
end_of_record
TN:
SF:src\components\dashboard\DailySummaryCard.tsx
FN:15,(anonymous_0)
FNF:1
FNH:1
FNDA:2,(anonymous_0)
DA:15,1
DA:16,2
DA:18,2
DA:25,2
LF:4
LH:4
BRF:0
BRH:0
end_of_record
TN:
SF:src\components\dashboard\StreakBadge.tsx
FN:14,(anonymous_0)
FN:15,(anonymous_1)
FN:18,(anonymous_2)
FNF:3
FNH:3
FNDA:4,(anonymous_0)
FNDA:4,(anonymous_1)
FNDA:3,(anonymous_2)
DA:14,1
DA:15,4
DA:16,4
DA:18,3
DA:19,2
DA:22,4
DA:24,1
LF:7
LH:7
BRDA:16,0,0,2
BRDA:16,0,1,2
BRDA:22,1,0,3
BRDA:22,1,1,1
BRF:4
BRH:4
end_of_record
TN:
SF:src\components\dashboard\WeeklyChart.tsx
FN:18,(anonymous_0)
FN:19,(anonymous_1)
FN:20,(anonymous_2)
FN:25,(anonymous_3)
FN:26,(anonymous_4)
FN:33,(anonymous_5)
FN:52,(anonymous_6)
FNF:7
FNH:7
FNDA:2,(anonymous_0)
FNDA:2,(anonymous_1)
FNDA:14,(anonymous_2)
FNDA:3,(anonymous_3)
FNDA:20,(anonymous_4)
FNDA:14,(anonymous_5)
FNDA:14,(anonymous_6)
DA:18,1
DA:19,2
DA:20,2
DA:21,14
DA:22,14
DA:25,2
DA:26,20
DA:27,3
DA:30,2
DA:33,2
DA:34,14
DA:35,14
DA:36,2
DA:37,2
DA:38,0
DA:41,2
DA:53,14
LF:17
LH:16
BRDA:27,0,0,3
BRDA:27,0,1,0
BRDA:27,1,0,3
BRDA:27,1,1,3
BRDA:35,2,0,12
BRDA:35,2,1,2
BRDA:36,3,0,0
BRDA:36,3,1,2
BRDA:37,4,0,2
BRDA:37,4,1,0
BRF:10
BRH:7
end_of_record
TN:
SF:src\components\features\CommuteSummary.tsx
FN:15,(anonymous_0)
FNF:1
FNH:0
FNDA:0,(anonymous_0)
DA:15,0
DA:16,0
LF:2
LH:0
BRF:0
BRH:0
end_of_record
TN:
SF:src\components\features\index.ts
FNF:0
FNH:0
LF:0
LH:0
BRF:0
BRH:0
end_of_record
TN:
SF:src\components\log\ActivityForm.tsx
FN:21,(anonymous_0)
FN:28,(anonymous_1)
FN:41,(anonymous_2)
FN:45,(anonymous_3)
FN:56,(anonymous_4)
FNF:5
FNH:5
FNDA:13,(anonymous_0)
FNDA:4,(anonymous_1)
FNDA:3,(anonymous_2)
FNDA:78,(anonymous_3)
FNDA:3,(anonymous_4)
DA:14,3
DA:21,3
DA:22,13
DA:23,13
DA:24,13
DA:26,13
DA:28,13
DA:29,4
DA:30,3
DA:31,3
DA:34,13
DA:41,3
DA:45,78
DA:56,3
LF:14
LH:14
BRDA:26,0,0,13
BRDA:26,0,1,0
BRDA:29,1,0,1
BRDA:29,1,1,3
BRDA:30,2,0,0
BRDA:30,2,1,3
BRDA:30,3,0,3
BRDA:30,3,1,3
BRDA:56,4,0,3
BRDA:56,4,1,0
BRDA:60,5,0,13
BRDA:60,5,1,1
BRF:12
BRH:9
end_of_record
TN:
SF:src\components\log\CategorySelector.tsx
FN:14,(anonymous_0)
FN:17,(anonymous_1)
FN:21,(anonymous_2)
FNF:3
FNH:3
FNDA:2,(anonymous_0)
FNDA:8,(anonymous_1)
FNDA:2,(anonymous_2)
DA:14,2
DA:15,2
DA:18,8
DA:21,2
LF:4
LH:4
BRF:0
BRH:0
end_of_record
TN:
SF:src\components\log\ConfirmationStep.tsx
FN:18,(anonymous_0)
FN:25,(anonymous_1)
FN:41,(anonymous_2)
FN:51,(anonymous_3)
FNF:4
FNH:4
FNDA:8,(anonymous_0)
FNDA:7,(anonymous_1)
FNDA:1,(anonymous_2)
FNDA:3,(anonymous_3)
DA:18,3
DA:19,8
DA:22,8
DA:23,8
DA:24,8
DA:25,8
DA:26,8
DA:28,8
DA:30,8
DA:41,1
DA:51,3
LF:11
LH:11
BRDA:26,0,0,7
BRDA:26,0,1,1
BRDA:28,1,0,8
BRDA:28,1,1,1
BRDA:55,2,0,2
BRDA:55,2,1,6
BRF:6
BRH:6
end_of_record
TN:
SF:src\components\profile\GoalSlider.tsx
FN:14,(anonymous_0)
FN:18,(anonymous_1)
FN:19,(anonymous_2)
FN:32,(anonymous_3)
FN:55,(anonymous_4)
FN:56,(anonymous_5)
FN:57,(anonymous_6)
FNF:7
FNH:7
FNDA:13,(anonymous_0)
FNDA:6,(anonymous_1)
FNDA:6,(anonymous_2)
FNDA:2,(anonymous_3)
FNDA:2,(anonymous_4)
FNDA:1,(anonymous_5)
FNDA:1,(anonymous_6)
DA:14,2
DA:15,13
DA:16,13
DA:18,13
DA:19,6
DA:20,6
DA:21,6
DA:22,6
DA:24,0
DA:26,6
DA:29,6
DA:32,13
DA:33,2
DA:34,2
DA:35,2
DA:36,2
DA:37,1
DA:38,2
DA:40,0
DA:44,13
DA:55,2
DA:56,1
DA:57,1
LF:23
LH:21
BRDA:22,0,0,2
BRDA:22,0,1,4
BRDA:22,1,0,6
BRDA:22,1,1,5
BRDA:36,2,0,1
BRDA:36,2,1,1
BRDA:47,3,0,6
BRDA:47,3,1,7
BRF:8
BRH:8
end_of_record
TN:
SF:src\components\profile\StatsSection.tsx
FN:8,(anonymous_0)
FN:10,(anonymous_1)
FN:13,(anonymous_2)
FNF:3
FNH:3
FNDA:3,(anonymous_0)
FNDA:1,(anonymous_1)
FNDA:1,(anonymous_2)
DA:8,2
DA:9,3
DA:10,3
DA:12,3
DA:13,3
DA:14,3
DA:16,3
LF:7
LH:7
BRDA:13,0,0,1
BRDA:13,0,1,1
BRDA:14,1,0,1
BRDA:14,1,1,2
BRF:4
BRH:4
end_of_record
TN:
SF:src\components\ui\Button.tsx
FN:14,(anonymous_0)
FNF:1
FNH:1
FNDA:4,(anonymous_0)
DA:14,5
DA:23,4
DA:25,4
DA:32,4
DA:38,4
LF:5
LH:5
BRDA:16,0,0,4
BRDA:17,1,0,4
BRDA:43,2,0,4
BRDA:43,2,1,4
BRDA:43,2,2,1
BRDA:47,3,0,4
BRDA:47,3,1,4
BRDA:50,4,0,4
BRDA:50,4,1,1
BRF:9
BRH:9
end_of_record
TN:
SF:src\components\ui\Card.tsx
FN:12,(anonymous_0)
FN:23,(anonymous_1)
FN:29,(anonymous_2)
FN:35,(anonymous_3)
FNF:4
FNH:4
FNDA:2,(anonymous_0)
FNDA:1,(anonymous_1)
FNDA:1,(anonymous_2)
FNDA:1,(anonymous_3)
DA:12,5
DA:13,2
DA:23,5
DA:24,1
DA:29,5
DA:30,1
DA:35,5
DA:36,1
LF:8
LH:8
BRF:0
BRH:0
end_of_record
TN:
SF:src\components\ui\ErrorBoundary.tsx
FN:23,getDerivedStateFromError
FN:27,componentDidCatch
FN:32,render
FN:50,(anonymous_3)
FNF:4
FNH:3
FNDA:6,getDerivedStateFromError
FNDA:2,componentDidCatch
FNDA:11,render
FNDA:0,(anonymous_3)
DA:18,7
DA:24,4
DA:28,2
DA:33,11
DA:34,4
DA:35,2
DA:38,2
DA:50,0
DA:59,7
LF:9
LH:8
BRDA:33,0,0,4
BRDA:33,0,1,7
BRDA:34,1,0,2
BRDA:34,1,1,2
BRDA:47,2,0,2
BRDA:47,2,1,0
BRF:6
BRH:5
end_of_record
TN:
SF:src\components\ui\FormField.tsx
FN:17,(anonymous_0)
FNF:1
FNH:1
FNDA:1,(anonymous_0)
DA:17,5
DA:25,1
LF:2
LH:2
BRDA:29,0,0,1
BRDA:29,0,1,1
BRDA:32,1,0,1
BRDA:32,1,1,1
BRF:4
BRH:4
end_of_record
TN:
SF:src\components\ui\Input.tsx
FN:12,(anonymous_0)
FNF:1
FNH:1
FNDA:2,(anonymous_0)
DA:12,5
DA:14,2
DA:36,5
LF:3
LH:3
BRDA:21,0,0,1
BRDA:21,0,1,1
BRDA:29,1,0,2
BRDA:29,1,1,1
BRF:4
BRH:4
end_of_record
TN:
SF:src\components\ui\LoadingSpinner.tsx
FN:13,(anonymous_0)
FNF:1
FNH:1
FNDA:11,(anonymous_0)
DA:13,7
DA:14,11
DA:20,11
LF:3
LH:3
BRDA:13,0,0,11
BRF:1
BRH:1
end_of_record
TN:
SF:src\components\ui\Toast.tsx
FN:14,(anonymous_0)
FN:17,(anonymous_1)
FN:18,(anonymous_2)
FN:22,(anonymous_3)
FN:32,(anonymous_4)
FNF:5
FNH:5
FNDA:6,(anonymous_0)
FNDA:4,(anonymous_1)
FNDA:2,(anonymous_2)
FNDA:4,(anonymous_3)
FNDA:1,(anonymous_4)
DA:14,7
DA:15,6
DA:17,6
DA:18,4
DA:19,2
DA:20,2
DA:22,4
DA:25,6
DA:27,4
DA:29,6
DA:32,1
LF:11
LH:11
BRDA:14,0,0,6
BRDA:25,1,0,2
BRDA:25,1,1,4
BRDA:27,2,0,2
BRDA:27,2,1,2
BRF:5
BRH:5
end_of_record
TN:
SF:src\components\ui\index.ts
FNF:0
FNH:0
LF:0
LH:0
BRF:0
BRH:0
end_of_record
TN:
SF:src\components\ui\icons\GoogleIcon.tsx
FN:7,(anonymous_0)
FNF:1
FNH:1
FNDA:1,(anonymous_0)
DA:7,4
DA:8,1
LF:2
LH:2
BRF:0
BRH:0
end_of_record
TN:
SF:src\components\ui\icons\index.ts
FNF:0
FNH:0
LF:0
LH:0
BRF:0
BRH:0
end_of_record
TN:
SF:src\config\index.ts
FNF:0
FNH:0
LF:0
LH:0
BRF:0
BRH:0
end_of_record
TN:
SF:src\constants\index.ts
FNF:0
FNH:0
DA:7,14
DA:42,14
DA:49,14
DA:56,14
DA:57,14
DA:58,14
DA:60,14
DA:61,14
DA:63,14
LF:9
LH:9
BRF:0
BRH:0
end_of_record
TN:
SF:src\contexts\AuthContext.tsx
FN:17,(anonymous_0)
FN:21,(anonymous_1)
FN:22,(anonymous_2)
FN:26,(anonymous_3)
FN:36,(anonymous_4)
FNF:5
FNH:5
FNDA:2,(anonymous_0)
FNDA:1,(anonymous_1)
FNDA:1,(anonymous_2)
FNDA:1,(anonymous_3)
FNDA:3,(anonymous_4)
DA:15,1
DA:17,1
DA:18,2
DA:19,2
DA:21,2
DA:22,1
DA:23,1
DA:24,1
DA:26,1
DA:29,2
DA:36,3
LF:11
LH:11
BRF:0
BRH:0
end_of_record
TN:
SF:src\hooks\index.ts
FNF:0
FNH:0
LF:0
LH:0
BRF:0
BRH:0
end_of_record
TN:
SF:src\hooks\useActivities.ts
FN:21,(anonymous_0)
FN:27,(anonymous_1)
FN:42,(anonymous_2)
FN:51,(anonymous_3)
FN:64,(anonymous_4)
FNF:5
FNH:5
FNDA:14,(anonymous_0)
FNDA:4,(anonymous_1)
FNDA:6,(anonymous_2)
FNDA:7,(anonymous_3)
FNDA:5,(anonymous_4)
DA:21,3
DA:22,14
DA:23,14
DA:24,14
DA:25,14
DA:27,14
DA:28,4
DA:29,4
DA:30,4
DA:31,4
DA:32,4
DA:33,4
DA:35,0
DA:36,0
DA:38,4
DA:42,14
DA:43,6
DA:44,4
DA:46,2
DA:47,2
DA:51,14
DA:52,7
DA:53,6
DA:54,6
DA:55,6
DA:56,4
DA:57,4
DA:59,6
DA:61,6
DA:62,6
DA:63,5
DA:64,5
DA:65,5
DA:67,1
DA:68,1
DA:69,1
DA:73,14
LF:37
LH:35
BRDA:28,0,0,0
BRDA:28,0,1,4
BRDA:43,1,0,4
BRDA:43,1,1,2
BRDA:52,2,0,1
BRDA:52,2,1,6
BRDA:55,3,0,4
BRDA:55,3,1,2
BRDA:55,4,0,6
BRDA:55,4,1,6
BRDA:55,4,2,4
BRDA:57,5,0,4
BRDA:57,5,1,0
BRF:13
BRH:11
end_of_record
TN:
SF:src\hooks\useAsync.ts
FN:9,useAsync
FN:15,(anonymous_1)
FNF:2
FNH:0
FNDA:0,useAsync
FNDA:0,(anonymous_1)
DA:10,0
DA:11,0
DA:12,0
DA:14,0
DA:16,0
DA:17,0
DA:18,0
DA:19,0
DA:20,0
DA:21,0
DA:23,0
DA:24,0
DA:26,0
DA:32,0
LF:14
LH:0
BRF:0
BRH:0
end_of_record
TN:
SF:src\hooks\useAuth.ts
FN:10,(anonymous_0)
FN:15,(anonymous_1)
FN:30,(anonymous_2)
FNF:3
FNH:3
FNDA:10,(anonymous_0)
FNDA:2,(anonymous_1)
FNDA:2,(anonymous_2)
DA:10,3
DA:11,10
DA:12,10
DA:13,10
DA:15,10
DA:16,2
DA:17,2
DA:18,2
DA:19,2
DA:20,1
DA:21,1
DA:23,1
DA:24,1
DA:26,2
DA:30,10
DA:31,2
DA:32,2
DA:33,2
DA:34,1
DA:36,1
DA:37,1
DA:39,2
DA:43,10
LF:23
LH:23
BRDA:45,0,0,10
BRDA:45,0,1,10
BRF:2
BRH:2
end_of_record
TN:
SF:src\layouts\AppLayout.tsx
FN:66,(anonymous_0)
FN:68,(anonymous_1)
FN:85,(anonymous_2)
FN:111,(anonymous_3)
FNF:4
FNH:4
FNDA:2,(anonymous_0)
FNDA:20,(anonymous_1)
FNDA:10,(anonymous_2)
FNDA:10,(anonymous_3)
DA:18,2
DA:66,2
DA:67,2
DA:68,20
DA:70,2
DA:86,10
DA:112,10
LF:7
LH:7
BRDA:90,0,0,1
BRDA:90,0,1,9
BRDA:116,1,0,1
BRDA:116,1,1,9
BRF:4
BRH:4
end_of_record
TN:
SF:src\lib\env.ts
FN:20,validateEnv
FN:27,(anonymous_1)
FN:32,(anonymous_2)
FN:36,(anonymous_3)
FNF:4
FNH:3
FNDA:5,validateEnv
FNDA:45,(anonymous_1)
FNDA:0,(anonymous_2)
FNDA:45,(anonymous_3)
DA:21,5
DA:27,5
DA:28,45
DA:31,5
DA:32,0
DA:35,5
DA:36,45
DA:40,5
LF:8
LH:7
BRDA:31,0,0,0
BRDA:31,0,1,5
BRDA:31,1,0,5
BRDA:31,1,1,5
BRF:4
BRH:3
end_of_record
TN:
SF:src\pages\CommutePage.tsx
FN:15,(anonymous_0)
FN:29,(anonymous_1)
FN:44,(anonymous_2)
FN:65,(anonymous_3)
FN:71,(anonymous_4)
FN:73,(anonymous_5)
FN:87,(anonymous_6)
FN:91,(anonymous_7)
FN:96,(anonymous_8)
FN:97,(anonymous_9)
FN:104,(anonymous_10)
FN:144,(anonymous_11)
FN:146,(anonymous_12)
FN:163,(anonymous_13)
FNF:14
FNH:10
FNDA:38,(anonymous_0)
FNDA:4,(anonymous_1)
FNDA:1,(anonymous_2)
FNDA:40,(anonymous_3)
FNDA:88,(anonymous_4)
FNDA:20,(anonymous_5)
FNDA:12,(anonymous_6)
FNDA:12,(anonymous_7)
FNDA:0,(anonymous_8)
FNDA:380,(anonymous_9)
FNDA:0,(anonymous_10)
FNDA:0,(anonymous_11)
FNDA:40,(anonymous_12)
FNDA:0,(anonymous_13)
DA:15,2
DA:16,38
DA:17,38
DA:18,38
DA:19,38
DA:21,38
DA:22,38
DA:23,38
DA:25,38
DA:26,38
DA:27,38
DA:29,38
DA:30,4
DA:31,3
DA:32,3
DA:33,3
DA:34,3
DA:35,2
DA:37,1
DA:38,1
DA:40,3
DA:44,38
DA:45,1
DA:46,1
DA:47,1
DA:48,1
DA:55,1
DA:57,0
DA:58,0
DA:60,1
DA:65,38
DA:66,40
DA:71,88
DA:73,38
DA:74,38
DA:76,38
DA:87,12
DA:91,12
DA:96,0
DA:98,380
DA:104,0
DA:144,0
DA:147,40
DA:163,0
LF:44
LH:38
BRDA:30,0,0,1
BRDA:30,0,1,3
BRDA:30,1,0,4
BRDA:30,1,1,3
BRDA:45,2,0,0
BRDA:45,2,1,1
BRDA:65,3,0,4
BRDA:65,3,1,34
BRDA:73,4,0,20
BRDA:73,4,1,0
BRDA:74,5,0,4
BRDA:74,5,1,34
BRDA:107,6,0,38
BRDA:107,6,1,2
BRDA:110,7,0,3
BRDA:110,7,1,35
BRDA:114,8,0,38
BRDA:114,8,1,4
BRDA:129,9,0,4
BRDA:129,9,1,4
BRDA:129,9,2,4
BRDA:147,10,0,4
BRDA:147,10,1,36
BRDA:157,11,0,1
BRDA:157,11,1,3
BRDA:163,12,0,38
BRDA:163,12,1,1
BRF:27
BRH:25
end_of_record
TN:
SF:src\pages\DashboardPage.tsx
FN:16,(anonymous_0)
FN:21,(anonymous_1)
FN:23,(anonymous_2)
FN:23,(anonymous_3)
FN:40,(anonymous_4)
FN:55,(anonymous_5)
FNF:6
FNH:6
FNDA:5,(anonymous_0)
FNDA:5,(anonymous_1)
FNDA:3,(anonymous_2)
FNDA:2,(anonymous_3)
FNDA:1,(anonymous_4)
FNDA:1,(anonymous_5)
DA:16,1
DA:17,5
DA:18,5
DA:19,5
DA:21,5
DA:22,5
DA:23,5
DA:26,5
DA:27,1
DA:30,4
DA:40,1
DA:55,1
LF:12
LH:12
BRDA:23,0,0,2
BRDA:23,0,1,0
BRDA:26,1,0,1
BRDA:26,1,1,4
BRDA:26,2,0,5
BRDA:26,2,1,1
BRDA:34,3,0,4
BRDA:34,3,1,0
BRDA:48,4,0,2
BRDA:48,4,1,2
BRF:10
BRH:8
end_of_record
TN:
SF:src\pages\InsightsPage.tsx
FN:14,(anonymous_0)
FN:25,(anonymous_1)
FN:40,(anonymous_2)
FN:48,(anonymous_3)
FN:53,(anonymous_4)
FN:70,(anonymous_5)
FN:107,(anonymous_6)
FN:125,(anonymous_7)
FN:126,(anonymous_8)
FNF:9
FNH:8
FNDA:24,(anonymous_0)
FNDA:4,(anonymous_1)
FNDA:6,(anonymous_2)
FNDA:0,(anonymous_3)
FNDA:2,(anonymous_4)
FNDA:5,(anonymous_5)
FNDA:5,(anonymous_6)
FNDA:10,(anonymous_7)
FNDA:10,(anonymous_8)
DA:14,2
DA:15,24
DA:16,24
DA:17,24
DA:18,24
DA:19,24
DA:21,24
DA:22,24
DA:23,24
DA:25,24
DA:26,4
DA:27,4
DA:28,4
DA:29,4
DA:30,3
DA:31,3
DA:33,1
DA:34,1
DA:36,4
DA:40,24
DA:41,6
DA:42,4
DA:43,2
DA:44,1
DA:48,24
DA:49,0
DA:50,0
DA:53,24
DA:54,2
DA:55,2
DA:56,2
DA:57,2
DA:58,2
DA:59,2
DA:60,1
DA:61,1
DA:63,1
DA:64,1
DA:66,2
DA:70,24
DA:71,5
DA:72,4
DA:73,3
DA:74,2
DA:75,1
DA:78,24
DA:108,5
DA:125,10
DA:126,10
LF:49
LH:47
BRDA:41,0,0,4
BRDA:41,0,1,2
BRDA:41,1,0,6
BRDA:41,1,1,5
BRDA:43,2,0,1
BRDA:43,2,1,1
BRDA:49,3,0,0
BRDA:49,3,1,0
BRDA:54,4,0,0
BRDA:54,4,1,2
BRDA:71,5,0,1
BRDA:71,5,1,4
BRDA:72,6,0,1
BRDA:72,6,1,3
BRDA:73,7,0,1
BRDA:73,7,1,2
BRDA:74,8,0,1
BRDA:74,8,1,1
BRDA:87,9,0,24
BRDA:87,9,1,19
BRDA:94,10,0,5
BRDA:94,10,1,19
BRDA:96,11,0,1
BRDA:96,11,1,18
BRDA:101,12,0,1
BRDA:101,12,1,17
BRDA:109,13,0,5
BRDA:109,13,1,1
BRDA:110,14,0,5
BRDA:110,14,1,0
BRDA:126,15,0,10
BRDA:126,15,1,0
BRDA:134,16,0,24
BRDA:134,16,1,2
BRDA:135,17,0,24
BRDA:135,17,1,2
BRF:36
BRH:31
end_of_record
TN:
SF:src\pages\LandingPage.tsx
FN:13,(anonymous_0)
FN:17,(anonymous_1)
FN:21,(anonymous_2)
FN:79,(anonymous_3)
FNF:4
FNH:3
FNDA:1,(anonymous_0)
FNDA:1,(anonymous_1)
FNDA:0,(anonymous_2)
FNDA:3,(anonymous_3)
DA:13,1
DA:14,1
DA:15,1
DA:17,1
DA:18,1
DA:21,1
DA:22,0
DA:23,0
DA:29,1
DA:79,1
DA:80,3
LF:11
LH:9
BRDA:18,0,0,0
BRDA:18,0,1,1
BRDA:48,1,0,0
BRDA:48,1,1,1
BRDA:53,2,0,0
BRDA:53,2,1,1
BRF:6
BRH:3
end_of_record
TN:
SF:src\pages\LogActivityPage.tsx
FN:16,(anonymous_0)
FN:24,(anonymous_1)
FN:36,(anonymous_2)
FN:50,(anonymous_3)
FN:56,(anonymous_4)
FN:57,(anonymous_5)
FN:57,(anonymous_6)
FN:58,(anonymous_7)
FN:60,(anonymous_8)
FNF:9
FNH:5
FNDA:9,(anonymous_0)
FNDA:2,(anonymous_1)
FNDA:0,(anonymous_2)
FNDA:27,(anonymous_3)
FNDA:2,(anonymous_4)
FNDA:0,(anonymous_5)
FNDA:2,(anonymous_6)
FNDA:0,(anonymous_7)
FNDA:0,(anonymous_8)
DA:16,2
DA:17,9
DA:18,9
DA:19,9
DA:20,9
DA:21,9
DA:22,9
DA:24,9
DA:25,2
DA:26,2
DA:27,2
DA:35,1
DA:36,1
DA:38,1
DA:39,1
DA:41,2
DA:45,9
DA:51,27
DA:56,2
DA:57,2
DA:58,0
DA:60,0
LF:22
LH:20
BRDA:51,0,0,21
BRDA:51,0,1,6
BRDA:56,1,0,9
BRDA:56,1,1,2
BRDA:57,2,0,9
BRDA:57,2,1,2
BRDA:58,3,0,9
BRDA:58,3,1,5
BRDA:60,4,0,9
BRDA:60,4,1,1
BRF:10
BRH:10
end_of_record
TN:
SF:src\pages\ProfilePage.tsx
FN:11,(anonymous_0)
FN:14,(anonymous_1)
FN:22,(anonymous_2)
FNF:3
FNH:3
FNDA:3,(anonymous_0)
FNDA:2,(anonymous_1)
FNDA:1,(anonymous_2)
DA:11,2
DA:12,3
DA:14,3
DA:15,2
DA:16,2
DA:18,0
DA:22,3
DA:23,1
DA:24,1
DA:25,1
DA:26,1
DA:27,1
DA:31,3
DA:33,3
LF:14
LH:13
BRDA:24,0,0,1
BRDA:24,0,1,0
BRDA:31,1,0,0
BRDA:31,1,1,3
BRDA:37,2,0,3
BRDA:37,2,1,3
BRDA:42,3,0,3
BRDA:42,3,1,0
BRF:8
BRH:5
end_of_record
TN:
SF:src\services\activityService.ts
FN:13,(anonymous_0)
FN:26,(anonymous_1)
FN:35,(anonymous_2)
FNF:3
FNH:3
FNDA:3,(anonymous_0)
FNDA:2,(anonymous_1)
FNDA:3,(anonymous_2)
DA:10,4
DA:12,4
DA:14,3
DA:15,3
DA:19,2
DA:21,1
DA:22,1
DA:27,2
DA:28,2
DA:33,2
DA:35,3
DA:40,0
DA:41,0
LF:13
LH:11
BRF:0
BRH:0
end_of_record
TN:
SF:src\services\analyticsService.ts
FN:9,(anonymous_0)
FN:17,(anonymous_1)
FNF:2
FNH:1
FNDA:2,(anonymous_0)
FNDA:0,(anonymous_1)
DA:9,3
DA:10,2
DA:11,1
DA:13,1
DA:17,3
DA:18,0
DA:23,0
DA:26,3
LF:8
LH:6
BRDA:10,0,0,1
BRDA:10,0,1,1
BRF:2
BRH:2
end_of_record
TN:
SF:src\services\authService.ts
FN:10,(anonymous_0)
FN:20,(anonymous_1)
FNF:2
FNH:2
FNDA:2,(anonymous_0)
FNDA:1,(anonymous_1)
DA:9,3
DA:11,2
DA:12,2
DA:13,1
DA:15,1
DA:16,1
DA:21,1
DA:22,1
DA:24,0
DA:25,0
LF:10
LH:8
BRF:0
BRH:0
end_of_record
TN:
SF:src\services\geminiService.ts
FN:17,callGemini
FN:34,generateWeeklyInsights
FN:36,(anonymous_2)
FN:46,(anonymous_3)
FN:58,(anonymous_4)
FN:72,getReductionChat
FNF:6
FNH:6
FNDA:5,callGemini
FNDA:3,generateWeeklyInsights
FNDA:1,(anonymous_2)
FNDA:1,(anonymous_3)
FNDA:2,(anonymous_4)
FNDA:2,getReductionChat
DA:11,4
DA:18,5
DA:29,5
DA:30,4
DA:31,4
DA:35,3
DA:36,3
DA:37,1
DA:38,1
DA:41,3
DA:46,1
DA:52,3
DA:53,2
DA:54,2
DA:56,2
DA:58,2
DA:67,1
DA:68,1
DA:73,2
DA:74,2
DA:78,2
DA:79,2
DA:80,2
DA:82,0
DA:83,0
LF:25
LH:23
BRDA:29,0,0,1
BRDA:29,0,1,4
BRDA:31,1,0,4
BRDA:31,1,1,0
BRDA:37,2,0,1
BRDA:37,2,1,1
BRDA:42,3,0,3
BRDA:42,3,1,2
BRDA:43,4,0,3
BRDA:43,4,1,3
BRDA:44,5,0,3
BRDA:44,5,1,3
BRDA:45,6,0,3
BRDA:45,6,1,3
BRDA:60,7,0,2
BRDA:60,7,1,0
BRF:16
BRH:14
end_of_record
TN:
SF:src\services\index.ts
FNF:0
FNH:0
LF:0
LH:0
BRF:0
BRH:0
end_of_record
TN:
SF:src\services\mapsService.ts
FN:14,getMapsLoader
FN:36,calculateCommuteEmissions
FNF:2
FNH:2
FNDA:1,getMapsLoader
FNDA:1,calculateCommuteEmissions
DA:12,3
DA:15,1
DA:16,1
DA:23,1
DA:42,1
DA:43,1
DA:44,1
DA:46,1
DA:47,1
DA:55,1
DA:62,1
DA:63,1
DA:64,0
DA:67,1
DA:68,1
DA:69,1
DA:70,1
DA:71,1
DA:73,1
DA:75,1
DA:77,0
DA:78,0
LF:22
LH:19
BRDA:15,0,0,1
BRDA:15,0,1,0
BRDA:47,1,0,1
BRDA:47,1,1,0
BRDA:47,2,0,1
BRDA:47,2,1,0
BRDA:49,3,0,0
BRDA:49,3,1,0
BRDA:49,4,0,0
BRDA:49,4,1,0
BRDA:51,5,0,0
BRDA:51,5,1,0
BRDA:63,6,0,0
BRDA:63,6,1,1
BRDA:63,7,0,1
BRDA:63,7,1,1
BRDA:67,8,0,1
BRDA:67,8,1,0
BRDA:68,9,0,1
BRDA:68,9,1,0
BRF:20
BRH:8
end_of_record
TN:
SF:src\types\index.ts
FNF:0
FNH:0
LF:0
LH:0
BRF:0
BRH:0
end_of_record
TN:
SF:src\utils\co2.ts
FN:8,(anonymous_0)
FN:15,(anonymous_1)
FNF:2
FNH:2
FNDA:22,(anonymous_0)
FNDA:20,(anonymous_1)
DA:8,5
DA:9,22
DA:10,15
DA:15,5
DA:16,20
DA:17,7
DA:18,6
DA:19,1
LF:8
LH:8
BRDA:9,0,0,7
BRDA:9,0,1,15
BRDA:16,1,0,13
BRDA:16,1,1,7
BRDA:17,2,0,1
BRDA:17,2,1,6
BRDA:18,3,0,5
BRDA:18,3,1,1
BRF:8
BRH:8
end_of_record
TN:
SF:src\utils\co2Calculator.ts
FN:3,(anonymous_0)
FN:8,(anonymous_1)
FN:13,(anonymous_2)
FN:18,(anonymous_3)
FN:23,(anonymous_4)
FNF:5
FNH:5
FNDA:4,(anonymous_0)
FNDA:3,(anonymous_1)
FNDA:2,(anonymous_2)
FNDA:2,(anonymous_3)
FNDA:5,(anonymous_4)
DA:3,1
DA:4,4
DA:5,4
DA:8,1
DA:9,3
DA:10,3
DA:13,1
DA:14,2
DA:15,2
DA:18,1
DA:19,2
DA:20,2
DA:23,1
DA:24,5
DA:25,4
DA:26,3
DA:27,2
DA:28,1
LF:18
LH:18
BRDA:4,0,0,4
BRDA:4,0,1,1
BRDA:9,1,0,3
BRDA:9,1,1,0
BRDA:14,2,0,2
BRDA:14,2,1,0
BRDA:14,2,2,0
BRDA:19,3,0,2
BRDA:19,3,1,0
BRDA:24,4,0,1
BRDA:24,4,1,4
BRDA:25,5,0,1
BRDA:25,5,1,3
BRDA:26,6,0,1
BRDA:26,6,1,2
BRDA:27,7,0,1
BRDA:27,7,1,1
BRF:17
BRH:13
end_of_record
TN:
SF:src\utils\errorTracker.ts
FN:5,(anonymous_0)
FN:10,(anonymous_1)
FNF:2
FNH:2
FNDA:6,(anonymous_0)
FNDA:3,(anonymous_1)
DA:5,8
DA:6,6
DA:7,6
DA:10,8
DA:11,3
LF:5
LH:5
BRDA:6,0,0,6
BRDA:6,0,1,0
BRDA:7,1,0,5
BRDA:7,1,1,1
BRF:4
BRH:3
end_of_record
