TN:
SF:src\App.tsx
FN:11,(anonymous_0)
FN:25,(anonymous_1)
FNF:2
FNH:2
FNDA:3,(anonymous_0)
FNDA:3,(anonymous_1)
DA:11,1
DA:12,3
DA:14,3
DA:15,1
DA:18,2
DA:19,1
DA:22,1
DA:25,1
DA:26,3
LF:9
LH:9
BRDA:14,0,0,1
BRDA:14,0,1,2
BRDA:18,1,0,1
BRDA:18,1,1,1
BRF:4
BRH:4
end_of_record
TN:
SF:src\components\features\ActivityForm.tsx
FN:10,(anonymous_0)
FN:17,(anonymous_1)
FN:49,(anonymous_2)
FN:66,(anonymous_3)
FN:77,(anonymous_4)
FN:88,(anonymous_5)
FNF:6
FNH:5
FNDA:13,(anonymous_0)
FNDA:3,(anonymous_1)
FNDA:1,(anonymous_2)
FNDA:2,(anonymous_3)
FNDA:1,(anonymous_4)
FNDA:0,(anonymous_5)
DA:10,1
DA:11,13
DA:12,13
DA:13,13
DA:14,13
DA:15,13
DA:17,13
DA:18,3
DA:19,3
DA:21,3
DA:22,1
DA:23,1
DA:26,2
DA:27,2
DA:33,1
DA:34,1
DA:36,1
DA:40,13
DA:49,1
DA:66,2
DA:77,1
DA:88,0
LF:22
LH:21
BRDA:21,0,0,1
BRDA:21,0,1,2
BRDA:21,1,0,3
BRDA:21,1,1,2
BRDA:93,2,0,13
BRDA:93,2,1,2
BRF:6
BRH:6
end_of_record
TN:
SF:src\components\features\FootprintChart.tsx
FN:20,(anonymous_0)
FN:21,(anonymous_1)
FN:23,(anonymous_2)
FN:40,(anonymous_3)
FNF:4
FNH:3
FNDA:2,(anonymous_0)
FNDA:2,(anonymous_1)
FNDA:1,(anonymous_2)
FNDA:0,(anonymous_3)
DA:20,1
DA:21,2
DA:23,2
DA:24,1
DA:25,1
DA:26,1
DA:30,1
DA:31,1
DA:32,0
DA:33,0
DA:34,0
DA:36,1
DA:37,1
DA:40,2
DA:43,2
DA:44,1
DA:51,1
LF:17
LH:14
BRDA:25,0,0,1
BRDA:25,0,1,0
BRDA:31,1,0,1
BRDA:31,1,1,0
BRDA:32,2,0,0
BRDA:32,2,1,0
BRDA:33,3,0,0
BRDA:33,3,1,0
BRDA:34,4,0,0
BRDA:34,4,1,0
BRDA:43,5,0,1
BRDA:43,5,1,1
BRF:12
BRH:4
end_of_record
TN:
SF:src\components\features\InsightCard.tsx
FN:10,(anonymous_0)
FN:11,(anonymous_1)
FNF:2
FNH:2
FNDA:5,(anonymous_0)
FNDA:5,(anonymous_1)
DA:10,1
DA:11,5
DA:12,5
DA:14,1
DA:16,1
DA:18,1
DA:20,1
DA:22,1
DA:26,5
LF:9
LH:9
BRDA:12,0,0,1
BRDA:12,0,1,1
BRDA:12,0,2,1
BRDA:12,0,3,1
BRDA:12,0,4,1
BRF:5
BRH:5
end_of_record
TN:
SF:src\components\features\index.ts
FNF:0
FNH:0
LF:0
LH:0
BRF:0
BRH:0
end_of_record
TN:
SF:src\components\ui\Button.tsx
FN:10,(anonymous_0)
FNF:1
FNH:1
FNDA:14,(anonymous_0)
DA:10,6
DA:19,14
DA:21,14
DA:28,14
DA:34,14
LF:5
LH:5
BRDA:12,0,0,14
BRDA:13,1,0,14
BRDA:39,2,0,14
BRDA:39,2,1,14
BRDA:39,2,2,1
BRDA:43,3,0,14
BRDA:43,3,1,14
BRDA:46,4,0,14
BRDA:46,4,1,1
BRF:9
BRH:9
end_of_record
TN:
SF:src\components\ui\Card.tsx
FN:8,(anonymous_0)
FN:19,(anonymous_1)
FN:25,(anonymous_2)
FN:31,(anonymous_3)
FNF:4
FNH:4
FNDA:20,(anonymous_0)
FNDA:1,(anonymous_1)
FNDA:1,(anonymous_2)
FNDA:1,(anonymous_3)
DA:8,6
DA:9,20
DA:19,6
DA:20,1
DA:25,6
DA:26,1
DA:31,6
DA:32,1
LF:8
LH:8
BRF:0
BRH:0
end_of_record
TN:
SF:src\components\ui\ErrorBoundary.tsx
FN:19,getDerivedStateFromError
FN:23,componentDidCatch
FN:28,render
FN:46,(anonymous_3)
FNF:4
FNH:2
FNDA:5,getDerivedStateFromError
FNDA:0,componentDidCatch
FNDA:3,render
FNDA:0,(anonymous_3)
DA:14,3
DA:20,0
DA:24,0
DA:29,3
DA:30,0
DA:31,0
DA:34,0
DA:46,0
DA:55,3
LF:9
LH:3
BRDA:29,0,0,0
BRDA:29,0,1,3
BRDA:30,1,0,0
BRDA:30,1,1,0
BRDA:43,2,0,0
BRDA:43,2,1,0
BRF:6
BRH:1
end_of_record
TN:
SF:src\components\ui\FormField.tsx
FN:13,(anonymous_0)
FNF:1
FNH:1
FNDA:45,(anonymous_0)
DA:13,6
DA:21,45
LF:2
LH:2
BRDA:25,0,0,45
BRDA:25,0,1,34
BRDA:28,1,0,45
BRDA:28,1,1,12
BRF:4
BRH:4
end_of_record
TN:
SF:src\components\ui\Input.tsx
FN:8,(anonymous_0)
FNF:1
FNH:1
FNDA:35,(anonymous_0)
DA:8,6
DA:10,35
DA:32,6
LF:3
LH:3
BRDA:17,0,0,1
BRDA:17,0,1,34
BRDA:25,1,0,35
BRDA:25,1,1,1
BRF:4
BRH:4
end_of_record
TN:
SF:src\components\ui\LoadingSpinner.tsx
FN:9,(anonymous_0)
FNF:1
FNH:1
FNDA:2,(anonymous_0)
DA:9,6
DA:10,2
DA:16,2
LF:3
LH:3
BRDA:9,0,0,2
BRF:1
BRH:1
end_of_record
TN:
SF:src\components\ui\index.ts
FNF:0
FNH:0
LF:0
LH:0
BRF:0
BRH:0
end_of_record
TN:
SF:src\config\index.ts
FNF:0
FNH:0
LF:0
LH:0
BRF:0
BRH:0
end_of_record
TN:
SF:src\constants\index.ts
FNF:0
FNH:0
DA:1,0
DA:7,0
DA:13,0
LF:3
LH:0
BRF:0
BRH:0
end_of_record
TN:
SF:src\hooks\index.ts
FNF:0
FNH:0
LF:0
LH:0
BRF:0
BRH:0
end_of_record
TN:
SF:src\hooks\useActivities.ts
FN:7,(anonymous_0)
FN:13,(anonymous_1)
FN:27,(anonymous_2)
FN:36,(anonymous_3)
FN:55,(anonymous_4)
FNF:5
FNH:5
FNDA:14,(anonymous_0)
FNDA:4,(anonymous_1)
FNDA:6,(anonymous_2)
FNDA:7,(anonymous_3)
FNDA:5,(anonymous_4)
DA:7,2
DA:8,14
DA:9,14
DA:10,14
DA:11,14
DA:13,14
DA:14,4
DA:15,4
DA:16,4
DA:17,4
DA:18,4
DA:19,4
DA:21,0
DA:23,4
DA:27,14
DA:28,6
DA:29,4
DA:31,2
DA:32,2
DA:36,14
DA:37,7
DA:40,6
DA:41,6
DA:42,4
DA:43,3
DA:44,2
DA:46,6
DA:52,6
DA:53,6
DA:54,5
DA:55,5
DA:56,5
DA:58,1
DA:59,1
DA:63,14
LF:35
LH:34
BRDA:14,0,0,0
BRDA:14,0,1,4
BRDA:28,1,0,4
BRDA:28,1,1,2
BRDA:37,2,0,1
BRDA:37,2,1,6
BRDA:41,3,0,2
BRDA:41,3,1,4
BRDA:42,4,0,1
BRDA:42,4,1,3
BRDA:43,5,0,1
BRDA:43,5,1,2
BRDA:44,6,0,1
BRDA:44,6,1,1
BRF:14
BRH:13
end_of_record
TN:
SF:src\hooks\useAsync.ts
FN:5,useAsync
FN:11,(anonymous_1)
FNF:2
FNH:0
FNDA:0,useAsync
FNDA:0,(anonymous_1)
DA:6,0
DA:7,0
DA:8,0
DA:10,0
DA:12,0
DA:13,0
DA:14,0
DA:15,0
DA:16,0
DA:17,0
DA:19,0
DA:20,0
DA:22,0
DA:28,0
LF:14
LH:0
BRF:0
BRH:0
end_of_record
TN:
SF:src\hooks\useAuth.ts
FN:6,(anonymous_0)
FN:11,(anonymous_1)
FN:26,(anonymous_2)
FNF:3
FNH:3
FNDA:10,(anonymous_0)
FNDA:2,(anonymous_1)
FNDA:2,(anonymous_2)
DA:6,2
DA:7,10
DA:8,10
DA:9,10
DA:11,10
DA:12,2
DA:13,2
DA:14,2
DA:15,2
DA:16,1
DA:17,1
DA:19,1
DA:20,1
DA:22,2
DA:26,10
DA:27,2
DA:28,2
DA:29,2
DA:30,1
DA:32,1
DA:33,1
DA:35,2
DA:39,10
LF:23
LH:23
BRDA:41,0,0,10
BRDA:41,0,1,10
BRF:2
BRH:2
end_of_record
TN:
SF:src\hooks\useGeminiInsights.ts
FN:6,(anonymous_0)
FN:11,(anonymous_1)
FNF:2
FNH:2
FNDA:5,(anonymous_0)
FNDA:2,(anonymous_1)
DA:6,2
DA:7,5
DA:8,5
DA:9,5
DA:11,5
DA:12,2
DA:13,2
DA:14,2
DA:15,2
DA:16,2
DA:17,1
DA:18,1
DA:20,1
DA:21,1
DA:23,2
DA:27,5
LF:16
LH:16
BRF:0
BRH:0
end_of_record
TN:
SF:src\layouts\AppLayout.tsx
FN:7,(anonymous_0)
FN:12,(anonymous_1)
FN:17,(anonymous_2)
FNF:3
FNH:3
FNDA:3,(anonymous_0)
FNDA:1,(anonymous_1)
FNDA:4,(anonymous_2)
DA:7,2
DA:8,3
DA:9,3
DA:10,3
DA:12,3
DA:13,1
DA:14,1
DA:17,4
DA:19,3
LF:9
LH:9
BRDA:30,0,0,3
BRDA:30,0,1,2
BRDA:35,1,0,2
BRDA:35,1,1,0
BRDA:41,2,0,0
BRDA:41,2,1,2
BRDA:47,3,0,2
BRDA:47,3,1,1
BRF:8
BRH:6
end_of_record
TN:
SF:src\pages\AuthPage.tsx
FN:7,(anonymous_0)
FN:11,(anonymous_1)
FN:17,(anonymous_2)
FNF:3
FNH:3
FNDA:3,(anonymous_0)
FNDA:3,(anonymous_1)
FNDA:1,(anonymous_2)
DA:7,1
DA:8,3
DA:9,3
DA:11,3
DA:12,3
DA:13,1
DA:17,3
DA:18,1
DA:19,1
DA:26,3
DA:27,0
DA:34,3
LF:12
LH:11
BRDA:12,0,0,1
BRDA:12,0,1,2
BRDA:26,1,0,0
BRDA:26,1,1,3
BRDA:47,2,0,3
BRDA:47,2,1,1
BRDA:49,3,0,1
BRDA:49,3,1,0
BRF:8
BRH:6
end_of_record
TN:
SF:src\pages\DashboardPage.tsx
FN:7,(anonymous_0)
FN:12,(anonymous_1)
FN:16,(anonymous_2)
FN:47,(anonymous_3)
FNF:4
FNH:3
FNDA:2,(anonymous_0)
FNDA:0,(anonymous_1)
FNDA:2,(anonymous_2)
FNDA:1,(anonymous_3)
DA:7,1
DA:8,2
DA:9,2
DA:10,2
DA:12,2
DA:13,0
DA:16,2
DA:17,2
DA:18,0
DA:22,2
DA:23,1
DA:26,1
DA:48,1
LF:13
LH:11
BRDA:17,0,0,0
BRDA:17,0,1,2
BRDA:17,1,0,2
BRDA:17,1,1,1
BRDA:22,2,0,1
BRDA:22,2,1,1
BRDA:22,3,0,2
BRDA:22,3,1,1
BRDA:29,4,0,1
BRDA:29,4,1,0
BRDA:43,5,0,0
BRDA:43,5,1,1
BRDA:45,6,0,1
BRDA:45,6,1,0
BRF:14
BRH:10
end_of_record
TN:
SF:src\pages\SettingsPage.tsx
FN:5,(anonymous_0)
FNF:1
FNH:0
FNDA:0,(anonymous_0)
DA:5,0
DA:6,0
LF:2
LH:0
BRF:0
BRH:0
end_of_record
TN:
SF:src\services\activityService.ts
FN:9,(anonymous_0)
FN:22,(anonymous_1)
FN:31,(anonymous_2)
FNF:3
FNH:3
FNDA:2,(anonymous_0)
FNDA:1,(anonymous_1)
FNDA:2,(anonymous_2)
DA:6,2
DA:8,2
DA:10,2
DA:11,2
DA:15,1
DA:17,1
DA:18,1
DA:23,1
DA:24,1
DA:29,1
DA:31,2
DA:36,0
DA:37,0
LF:13
LH:11
BRF:0
BRH:0
end_of_record
TN:
SF:src\services\analyticsService.ts
FN:6,(anonymous_0)
FNF:1
FNH:1
FNDA:2,(anonymous_0)
DA:5,2
DA:7,2
DA:8,1
DA:10,1
LF:4
LH:4
BRDA:7,0,0,1
BRDA:7,0,1,1
BRF:2
BRH:2
end_of_record
TN:
SF:src\services\authService.ts
FN:6,(anonymous_0)
FN:16,(anonymous_1)
FNF:2
FNH:2
FNDA:2,(anonymous_0)
FNDA:1,(anonymous_1)
DA:5,2
DA:7,2
DA:8,2
DA:9,1
DA:11,1
DA:12,1
DA:17,1
DA:18,1
DA:20,0
DA:21,0
LF:10
LH:8
BRF:0
BRH:0
end_of_record
TN:
SF:src\services\geminiService.ts
FN:5,(anonymous_0)
FN:41,(anonymous_1)
FNF:2
FNH:2
FNDA:3,(anonymous_0)
FNDA:1,(anonymous_1)
DA:4,2
DA:6,3
DA:7,1
DA:8,1
DA:14,2
DA:15,2
DA:23,2
DA:29,2
DA:30,1
DA:33,1
DA:34,1
DA:36,3
DA:38,1
DA:39,1
DA:41,1
DA:47,1
DA:48,1
LF:17
LH:17
BRDA:6,0,0,1
BRDA:6,0,1,2
BRDA:29,1,0,1
BRDA:29,1,1,1
BRDA:36,2,0,0
BRDA:36,2,1,3
BRDA:43,3,0,1
BRDA:43,3,1,0
BRDA:44,4,0,1
BRDA:44,4,1,0
BRF:10
BRH:7
end_of_record
TN:
SF:src\services\index.ts
FNF:0
FNH:0
LF:0
LH:0
BRF:0
BRH:0
end_of_record
TN:
SF:src\store\AuthContext.tsx
FN:13,(anonymous_0)
FN:17,(anonymous_1)
FN:18,(anonymous_2)
FN:22,(anonymous_3)
FN:32,(anonymous_4)
FNF:5
FNH:5
FNDA:4,(anonymous_0)
FNDA:2,(anonymous_1)
FNDA:2,(anonymous_2)
FNDA:2,(anonymous_3)
FNDA:4,(anonymous_4)
DA:11,1
DA:13,1
DA:14,4
DA:15,4
DA:17,4
DA:18,2
DA:19,2
DA:20,2
DA:22,2
DA:25,4
DA:32,4
LF:11
LH:11
BRF:0
BRH:0
end_of_record
TN:
SF:src\types\index.ts
FNF:0
FNH:0
LF:0
LH:0
BRF:0
BRH:0
end_of_record
